<?xml version="1.0" encoding="UTF-8"?>
<!-- Generated by org.testng.reporters.JUnitReportReporter -->
<testsuite skipped="0" hostname="DESKTOP-7155NU9" name="parallelexecution.parallelexeccution3" tests="4" failures="0" timestamp="2023-01-07T14:03:52 IST" time="0.029" errors="0">
  <testcase name="testMethod12" time="0.003" classname="parallelexecution.parallelexeccution3"/>
  <system-out/>
  <testcase name="testMethod11" time="0.017" classname="parallelexecution.parallelexeccution3"/>
  <system-out/>
  <testcase name="testMethod10" time="0.002" classname="parallelexecution.parallelexeccution3"/>
  <system-out/>
  <testcase name="testMethod9" time="0.007" classname="parallelexecution.parallelexeccution3"/>
  <system-out/>
</testsuite> <!-- parallelexecution.parallelexeccution3 -->
