<?xml version="1.0" encoding="UTF-8"?>
<!-- Generated by org.testng.reporters.JUnitReportReporter -->
<testsuite skipped="0" hostname="DESKTOP-7155NU9" name="parallelexecution.parallelexeccution2" tests="4" failures="0" timestamp="2023-01-07T14:12:17 IST" time="0.038" errors="0">
  <testcase name="testMethod5" time="0.004" classname="parallelexecution.parallelexeccution2"/>
  <system-out/>
  <testcase name="testMethod6" time="0.012" classname="parallelexecution.parallelexeccution2"/>
  <system-out/>
  <testcase name="testMethod8" time="0.006" classname="parallelexecution.parallelexeccution2"/>
  <system-out/>
  <testcase name="testMethod7" time="0.016" classname="parallelexecution.parallelexeccution2"/>
  <system-out/>
</testsuite> <!-- parallelexecution.parallelexeccution2 -->
