<?xml version="1.0" encoding="UTF-8"?>
<!-- Generated by org.testng.reporters.JUnitReportReporter -->
<testsuite skipped="0" hostname="DESKTOP-7155NU9" name="parallelexecution.parallelexeccution4" tests="4" failures="0" timestamp="2023-01-07T14:02:26 IST" time="0.011" errors="0">
  <testcase name="testMethod13" time="0.003" classname="parallelexecution.parallelexeccution4"/>
  <system-out/>
  <testcase name="testMethod14" time="0.004" classname="parallelexecution.parallelexeccution4"/>
  <system-out/>
  <testcase name="testMethod16" time="0.002" classname="parallelexecution.parallelexeccution4"/>
  <system-out/>
  <testcase name="testMethod15" time="0.002" classname="parallelexecution.parallelexeccution4"/>
  <system-out/>
</testsuite> <!-- parallelexecution.parallelexeccution4 -->
