<?xml version="1.0" encoding="UTF-8"?>
<!-- Generated by org.testng.reporters.JUnitReportReporter -->
<testsuite skipped="0" hostname="DESKTOP-7155NU9" name="parallelexecution.parallelexeccution" tests="4" failures="0" timestamp="2023-01-07T14:12:17 IST" time="0.070" errors="0">
  <testcase name="testMethod2" time="0.020" classname="parallelexecution.parallelexeccution"/>
  <system-out/>
  <testcase name="testMethod1" time="0.019" classname="parallelexecution.parallelexeccution"/>
  <system-out/>
  <testcase name="testMethod4" time="0.011" classname="parallelexecution.parallelexeccution"/>
  <system-out/>
  <testcase name="testMethod3" time="0.020" classname="parallelexecution.parallelexeccution"/>
  <system-out/>
</testsuite> <!-- parallelexecution.parallelexeccution -->
